[www.catnip.money/index.html]
[backblue.gif]
[fade.gif]
[index.html]
[assets.website-files.com/606c5f445442c109186616a0/css/catniptestground.44f353317.css]
[assets.website-files.com/606c5f445442c109186616a0/6086cc084f0e1dd34f21664f_cat-favi.png]
[assets.website-files.com/606c5f445442c109186616a0/6086cc26e957cb04aed8a5e3_cat-web.png]
[assets.website-files.com/606c5f445442c109186616a0/606c5f445442c1112a6616df_stars-color.gif]
[assets.website-files.com/606c5f445442c109186616a0/606c5f445442c15ed76616fb_3d.gif]
[assets.website-files.com/606c5f445442c109186616a0/606c5f445442c1fe706616e0_planet-red.gif]
[assets.website-files.com/606c5f445442c109186616a0/60873d429913ca6ca9005f17_catnip-spinner.gif]
[assets.website-files.com/606c5f445442c109186616a0/606c5f445442c165bc6616e5_glow.gif]
[assets.website-files.com/606c5f445442c109186616a0/606c5f445442c1e3776616dc_stars.gif]
[assets.website-files.com/606c5f445442c109186616a0/606c5f445442c15c8a6616e3_flower.gif]
[assets.website-files.com/606c5f445442c109186616a0/606c5f445442c172b96616e9_Glow_3.gif]
[assets.website-files.com/606c5f445442c109186616a0/6071e93fbc149d85e9871ee2_catnip-dab.png]
[assets.website-files.com/606c5f445442c109186616a0/607e2296c0c9f48612dea145_circle-white.png]
[assets.website-files.com/606c5f445442c109186616a0/607e237593070a33e18645ed_circle-teal.png]
[assets.website-files.com/606c5f445442c109186616a0/607e23973409bda72a485b70_circle-multi.png]
[assets.website-files.com/606c5f445442c109186616a0/606c5f445442c110f56616e8_Glow4.gif]
[assets.website-files.com/606c5f445442c109186616a0/606c5f445442c1e4c76616fc_Pentool.gif]
[assets.website-files.com/606c5f445442c109186616a0/606d86e343ccdd7e6121b98a_photo-1573144693925-249c8159d330.jpg]
[assets.website-files.com/606c5f445442c109186616a0/606c5f445442c1b5f76616e2_spring-yellow.gif]
[assets.website-files.com/606c5f445442c109186616a0/606c5f445442c1d6656616ee_Dots.gif]
[assets.website-files.com/606c5f445442c109186616a0/608765497cbcdb3f8828f683_catnip-sideways.png]
[assets.website-files.com/606c5f445442c109186616a0/606c5f445442c119286616e1_planet.gif]
[assets.website-files.com/606c5f445442c109186616a0/607469ef3816ab746270025d_catnip-front-runners.png]
[assets.website-files.com/606c5f445442c109186616a0/606c5f445442c1f39c6616ea_Sparks.gif]
[assets.website-files.com/606c5f445442c109186616a0/606c7412360c45826d371eb9_speaker.png]
[assets.website-files.com/606c5f445442c109186616a0/js/catniptestground.fe14b0ac4.js]
[d3e54v103j8qbb.cloudfront.net/js/jquery-3.5.1.min.dc5e7f18c8c9f9.js]
[unpkg.com/tippy.js@4/themes/light.1b.delayed]
[www.catnip.money/index.html]
[unpkg.com/tippy.js@4.3.5/themes/light.css]
[assets.website-files.com/606c5f445442c109186616a0/6081debc4a52ae27faea5c21_catnip-boi-xs.png]
[assets.website-files.com/606c5f445442c109186616a0/css/catniptestground.44f353317.css]
[unpkg.com/tippy.js@4.3.5/themes/light.css]
